This is pdfTeX, Version 3.14159265-2.6-1.40.21 (MiKTeX 20.11) (preloaded format=pdflatex 2020.11.24)  12 MAY 2021 21:26
entering extended mode
**"C:/Users/Aidan/Documents/University/Masters Project/moho-uncertainty/dissert
ation/dissertation.tex"

("C:/Users/Aidan/Documents/University/Masters Project/moho-uncertainty/disserta
tion/dissertation.tex"
LaTeX2e <2020-10-01> patch level 2
L3 programming layer <2020-10-27> xparse <2020-03-03>
(C:\Users\Aidan\AppData\Local\Programs\MiKTeX\tex/latex/base\book.cls
Document Class: book 2020/04/10 v1.4m Standard LaTeX document class
(C:\Users\Aidan\AppData\Local\Programs\MiKTeX\tex/latex/base\bk11.clo
File: bk11.clo 2020/04/10 v1.4m Standard LaTeX file (size option)
)
\c@part=\count175
\c@chapter=\count176
\c@section=\count177
\c@subsection=\count178
\c@subsubsection=\count179
\c@paragraph=\count180
\c@subparagraph=\count181
\c@figure=\count182
\c@table=\count183
\abovecaptionskip=\skip47
\belowcaptionskip=\skip48
\bibindent=\dimen138
)
(C:\Users\Aidan\AppData\Local\Programs\MiKTeX\tex/latex/base\inputenc.sty
Package: inputenc 2020/08/01 v1.3d Input encoding file
\inpenc@prehook=\toks15
\inpenc@posthook=\toks16
)
(C:\Users\Aidan\AppData\Local\Programs\MiKTeX\tex/generic/babel\babel.sty
Package: babel 2020/10/27 3.51 The Babel package

(C:\Users\Aidan\AppData\Local\Programs\MiKTeX\tex/generic/babel\babel.def
File: babel.def 2020/10/27 3.51 Babel common definitions
\babel@savecnt=\count184
\U@D=\dimen139
\l@babelnohyphens=\language79

(C:\Users\Aidan\AppData\Local\Programs\MiKTeX\tex/generic/babel\txtbabel.def)
\bbl@readstream=\read2
)
\bbl@dirlevel=\count185

*************************************
* Local config file bblopts.cfg used
*
(C:\Users\Aidan\AppData\Local\Programs\MiKTeX\tex/latex/arabi\bblopts.cfg
File: bblopts.cfg 2005/09/08 v0.1 add Arabic and Farsi to "declared" options of
 babel
)
(C:\Users\Aidan\AppData\Local\Programs\MiKTeX\tex/latex/babel-english\english.l
df
Language: english 2017/06/06 v3.3r English support from the babel system
Package babel Info: \l@canadian = using hyphenrules for english
(babel)             (\language0) on input line 102.
Package babel Info: \l@australian = using hyphenrules for ukenglish
(babel)             (\language73) on input line 105.
Package babel Info: \l@newzealand = using hyphenrules for ukenglish
(babel)             (\language73) on input line 108.
))
(C:\Users\Aidan\AppData\Local\Programs\MiKTeX\tex/latex/graphics\graphicx.sty
Package: graphicx 2020/09/09 v1.2b Enhanced LaTeX Graphics (DPC,SPQR)

(C:\Users\Aidan\AppData\Local\Programs\MiKTeX\tex/latex/graphics\keyval.sty
Package: keyval 2014/10/28 v1.15 key=value parser (DPC)
\KV@toks@=\toks17
)
(C:\Users\Aidan\AppData\Local\Programs\MiKTeX\tex/latex/graphics\graphics.sty
Package: graphics 2020/08/30 v1.4c Standard LaTeX Graphics (DPC,SPQR)

(C:\Users\Aidan\AppData\Local\Programs\MiKTeX\tex/latex/graphics\trig.sty
Package: trig 2016/01/03 v1.10 sin cos tan (DPC)
)
(C:\Users\Aidan\AppData\Local\Programs\MiKTeX\tex/latex/graphics-cfg\graphics.c
fg
File: graphics.cfg 2016/06/04 v1.11 sample graphics configuration
)
Package graphics Info: Driver file: pdftex.def on input line 105.

(C:\Users\Aidan\AppData\Local\Programs\MiKTeX\tex/latex/graphics-def\pdftex.def
File: pdftex.def 2020/10/05 v1.2a Graphics/color driver for pdftex
))
\Gin@req@height=\dimen140
\Gin@req@width=\dimen141
) (C:\Users\Aidan\AppData\Local\Programs\MiKTeX\tex/latex/amsmath\amsmath.sty
Package: amsmath 2020/09/23 v2.17i AMS math features
\@mathmargin=\skip49
For additional information on amsmath, use the `?' option.
(C:\Users\Aidan\AppData\Local\Programs\MiKTeX\tex/latex/amsmath\amstext.sty
Package: amstext 2000/06/29 v2.01 AMS text

(C:\Users\Aidan\AppData\Local\Programs\MiKTeX\tex/latex/amsmath\amsgen.sty
File: amsgen.sty 1999/11/30 v2.0 generic functions
\@emptytoks=\toks18
\ex@=\dimen142
))
(C:\Users\Aidan\AppData\Local\Programs\MiKTeX\tex/latex/amsmath\amsbsy.sty
Package: amsbsy 1999/11/29 v1.2d Bold Symbols
\pmbraise@=\dimen143
)
(C:\Users\Aidan\AppData\Local\Programs\MiKTeX\tex/latex/amsmath\amsopn.sty
Package: amsopn 2016/03/08 v2.02 operator names
)
\inf@bad=\count186
LaTeX Info: Redefining \frac on input line 234.
\uproot@=\count187
\leftroot@=\count188
LaTeX Info: Redefining \overline on input line 399.
\classnum@=\count189
\DOTSCASE@=\count190
LaTeX Info: Redefining \ldots on input line 496.
LaTeX Info: Redefining \dots on input line 499.
LaTeX Info: Redefining \cdots on input line 620.
\Mathstrutbox@=\box47
\strutbox@=\box48
\big@size=\dimen144
LaTeX Font Info:    Redeclaring font encoding OML on input line 743.
LaTeX Font Info:    Redeclaring font encoding OMS on input line 744.
\macc@depth=\count191
\c@MaxMatrixCols=\count192
\dotsspace@=\muskip16
\c@parentequation=\count193
\dspbrk@lvl=\count194
\tag@help=\toks19
\row@=\count195
\column@=\count196
\maxfields@=\count197
\andhelp@=\toks20
\eqnshift@=\dimen145
\alignsep@=\dimen146
\tagshift@=\dimen147
\tagwidth@=\dimen148
\totwidth@=\dimen149
\lineht@=\dimen150
\@envbody=\toks21
\multlinegap=\skip50
\multlinetaggap=\skip51
\mathdisplay@stack=\toks22
LaTeX Info: Redefining \[ on input line 2923.
LaTeX Info: Redefining \] on input line 2924.
)
(C:\Users\Aidan\AppData\Local\Programs\MiKTeX\tex/latex/geometry\geometry.sty
Package: geometry 2020/01/02 v5.9 Page Geometry

(C:\Users\Aidan\AppData\Local\Programs\MiKTeX\tex/generic/iftex\ifvtex.sty
Package: ifvtex 2019/10/25 v1.7 ifvtex legacy package. Use iftex instead.

(C:\Users\Aidan\AppData\Local\Programs\MiKTeX\tex/generic/iftex\iftex.sty
Package: iftex 2020/03/06 v1.0d TeX engine tests
))
\Gm@cnth=\count198
\Gm@cntv=\count199
\c@Gm@tempcnt=\count266
\Gm@bindingoffset=\dimen151
\Gm@wd@mp=\dimen152
\Gm@odd@mp=\dimen153
\Gm@even@mp=\dimen154
\Gm@layoutwidth=\dimen155
\Gm@layoutheight=\dimen156
\Gm@layouthoffset=\dimen157
\Gm@layoutvoffset=\dimen158
\Gm@dimlist=\toks23

(C:\Users\Aidan\AppData\Local\Programs\MiKTeX\tex/latex/geometry\geometry.cfg))
(C:\Users\Aidan\AppData\Local\Programs\MiKTeX\tex/latex/hyperref\hyperref.sty
Package: hyperref 2020-05-15 v7.00e Hypertext links for LaTeX

(C:\Users\Aidan\AppData\Local\Programs\MiKTeX\tex/generic/ltxcmds\ltxcmds.sty
Package: ltxcmds 2020-05-10 v1.25 LaTeX kernel commands for general use (HO)
)
(C:\Users\Aidan\AppData\Local\Programs\MiKTeX\tex/generic/pdftexcmds\pdftexcmds
.sty
Package: pdftexcmds 2020-06-27 v0.33 Utility functions of pdfTeX for LuaTeX (HO
)

(C:\Users\Aidan\AppData\Local\Programs\MiKTeX\tex/generic/infwarerr\infwarerr.s
ty
Package: infwarerr 2019/12/03 v1.5 Providing info/warning/error messages (HO)
)
Package pdftexcmds Info: \pdf@primitive is available.
Package pdftexcmds Info: \pdf@ifprimitive is available.
Package pdftexcmds Info: \pdfdraftmode found.
)
(C:\Users\Aidan\AppData\Local\Programs\MiKTeX\tex/generic/kvsetkeys\kvsetkeys.s
ty
Package: kvsetkeys 2019/12/15 v1.18 Key value parser (HO)
)
(C:\Users\Aidan\AppData\Local\Programs\MiKTeX\tex/generic/kvdefinekeys\kvdefine
keys.sty
Package: kvdefinekeys 2019-12-19 v1.6 Define keys (HO)
)
(C:\Users\Aidan\AppData\Local\Programs\MiKTeX\tex/generic/pdfescape\pdfescape.s
ty
Package: pdfescape 2019/12/09 v1.15 Implements pdfTeX's escape features (HO)
) (C:\Users\Aidan\AppData\Local\Programs\MiKTeX\tex/latex/hycolor\hycolor.sty
Package: hycolor 2020-01-27 v1.10 Color options for hyperref/bookmark (HO)
)
(C:\Users\Aidan\AppData\Local\Programs\MiKTeX\tex/latex/letltxmacro\letltxmacro
.sty
Package: letltxmacro 2019/12/03 v1.6 Let assignment for LaTeX macros (HO)
)
(C:\Users\Aidan\AppData\Local\Programs\MiKTeX\tex/latex/auxhook\auxhook.sty
Package: auxhook 2019-12-17 v1.6 Hooks for auxiliary files (HO)
)
(C:\Users\Aidan\AppData\Local\Programs\MiKTeX\tex/latex/kvoptions\kvoptions.sty
Package: kvoptions 2020-10-07 v3.14 Key value format for package options (HO)
)
\@linkdim=\dimen159
\Hy@linkcounter=\count267
\Hy@pagecounter=\count268
 (C:\Users\Aidan\AppData\Local\Programs\MiKTeX\tex/latex/hyperref\pd1enc.def
File: pd1enc.def 2020-05-15 v7.00e Hyperref: PDFDocEncoding definition (HO)
Now handling font encoding PD1 ...
... no UTF-8 mapping file for font encoding PD1
)
(C:\Users\Aidan\AppData\Local\Programs\MiKTeX\tex/generic/intcalc\intcalc.sty
Package: intcalc 2019/12/15 v1.3 Expandable calculations with integers (HO)
)
(C:\Users\Aidan\AppData\Local\Programs\MiKTeX\tex/generic/etexcmds\etexcmds.sty
Package: etexcmds 2019/12/15 v1.7 Avoid name clashes with e-TeX commands (HO)
)
\Hy@SavedSpaceFactor=\count269
Package hyperref Info: Option `colorlinks' set `true' on input line 4338.
Package hyperref Info: Hyper figures OFF on input line 4464.
Package hyperref Info: Link nesting OFF on input line 4469.
Package hyperref Info: Hyper index ON on input line 4472.
Package hyperref Info: Plain pages OFF on input line 4479.
Package hyperref Info: Backreferencing OFF on input line 4484.
Package hyperref Info: Implicit mode ON; LaTeX internals redefined.
Package hyperref Info: Bookmarks ON on input line 4717.
\c@Hy@tempcnt=\count270
 (C:\Users\Aidan\AppData\Local\Programs\MiKTeX\tex/latex/url\url.sty
\Urlmuskip=\muskip17
Package: url 2013/09/16  ver 3.4  Verb mode for urls, etc.
)
LaTeX Info: Redefining \url on input line 5076.
\XeTeXLinkMargin=\dimen160

(C:\Users\Aidan\AppData\Local\Programs\MiKTeX\tex/generic/bitset\bitset.sty
Package: bitset 2019/12/09 v1.3 Handle bit-vector datatype (HO)

(C:\Users\Aidan\AppData\Local\Programs\MiKTeX\tex/generic/bigintcalc\bigintcalc
.sty
Package: bigintcalc 2019/12/15 v1.5 Expandable calculations on big integers (HO
)
))
\Fld@menulength=\count271
\Field@Width=\dimen161
\Fld@charsize=\dimen162
Package hyperref Info: Hyper figures OFF on input line 6347.
Package hyperref Info: Link nesting OFF on input line 6352.
Package hyperref Info: Hyper index ON on input line 6355.
Package hyperref Info: backreferencing OFF on input line 6362.
Package hyperref Info: Link coloring ON on input line 6365.
Package hyperref Info: Link coloring with OCG OFF on input line 6372.
Package hyperref Info: PDF/A mode OFF on input line 6377.
LaTeX Info: Redefining \ref on input line 6417.
LaTeX Info: Redefining \pageref on input line 6421.

(C:\Users\Aidan\AppData\Local\Programs\MiKTeX\tex/latex/base\atbegshi-ltx.sty
Package: atbegshi-ltx 2020/08/17 v1.0a Emulation of the original atbegshi packa
ge
with kernel methods
)
\Hy@abspage=\count272
\c@Item=\count273
\c@Hfootnote=\count274
)
Package hyperref Info: Driver: hpdftex.
(C:\Users\Aidan\AppData\Local\Programs\MiKTeX\tex/latex/hyperref\hpdftex.def
File: hpdftex.def 2020-05-15 v7.00e Hyperref driver for pdfTeX

(C:\Users\Aidan\AppData\Local\Programs\MiKTeX\tex/latex/base\atveryend-ltx.sty
Package: atveryend-ltx 2020/08/19 v1.0a Emulation of the original atvery packag
e
with kernel methods
)
\Fld@listcount=\count275
\c@bookmark@seq@number=\count276

(C:\Users\Aidan\AppData\Local\Programs\MiKTeX\tex/latex/rerunfilecheck\rerunfil
echeck.sty
Package: rerunfilecheck 2019/12/05 v1.9 Rerun checks for auxiliary files (HO)

(C:\Users\Aidan\AppData\Local\Programs\MiKTeX\tex/generic/uniquecounter\uniquec
ounter.sty
Package: uniquecounter 2019/12/15 v1.4 Provide unlimited unique counter (HO)
)
Package uniquecounter Info: New unique counter `rerunfilecheck' on input line 2
86.
)
\Hy@SectionHShift=\skip52
)
(C:\Users\Aidan\AppData\Local\Programs\MiKTeX\tex/latex/datetime\datetime.sty
Package: datetime 2015/03/20 v2.60 Date Time Package

(C:\Users\Aidan\AppData\Local\Programs\MiKTeX\tex/latex/etoolbox\etoolbox.sty
Package: etoolbox 2020/10/05 v2.5k e-TeX tools for LaTeX (JAW)
\etb@tempcnta=\count277
)
(C:\Users\Aidan\AppData\Local\Programs\MiKTeX\tex/latex/fmtcount\fmtcount.sty
Package: fmtcount 2020/01/30 v3.07

(C:\Users\Aidan\AppData\Local\Programs\MiKTeX\tex/latex/base\ifthen.sty
Package: ifthen 2014/09/29 v1.1c Standard LaTeX ifthen package (DPC)
)
(C:\Users\Aidan\AppData\Local\Programs\MiKTeX\tex/latex/xkeyval\xkeyval.sty
Package: xkeyval 2014/12/03 v2.7a package option processing (HA)

(C:\Users\Aidan\AppData\Local\Programs\MiKTeX\tex/generic/xkeyval\xkeyval.tex
(C:\Users\Aidan\AppData\Local\Programs\MiKTeX\tex/generic/xkeyval\xkvutils.tex
\XKV@toks=\toks24
\XKV@tempa@toks=\toks25
)
\XKV@depth=\count278
File: xkeyval.tex 2014/12/03 v2.7a key=value parser (HA)
))
(C:\Users\Aidan\AppData\Local\Programs\MiKTeX\tex/latex/fmtcount\fcprefix.sty
Package: fcprefix 2012/09/28

(C:\Users\Aidan\AppData\Local\Programs\MiKTeX\tex/latex/fmtcount\fcnumparser.st
y
Package: fcnumparser 2017/06/15
\fc@digit@counter=\count279
))
\c@padzeroesN=\count280
\fc@tmpcatcode=\count281

(C:\Users\Aidan\AppData\Local\Programs\MiKTeX\tex/latex/fmtcount\fc-english.def
File: fc-english.def 2016/01/12
)
\@DT@modctr=\count282
\@ordinalctr=\count283
\@orgargctr=\count284
\@strctr=\count285
\@tmpstrctr=\count286
\@DT@loopN=\count287
\@DT@X=\count288
)
(C:\Users\Aidan\AppData\Local\Programs\MiKTeX\tex/latex/datetime\datetime-defau
lts.sty
Package: datetime-defaults 2013/09/10
)
\@day=\count289
\@month=\count290
\@year=\count291
\c@HOUR=\count292
\c@HOURXII=\count293
\c@MINUTE=\count294
\c@TOHOUR=\count295
\c@TOMINUTE=\count296
\c@SECOND=\count297
\currenthour=\count298
\currentminute=\count299
\currentsecond=\count300
Package datetime Info: No datetime.cfg file found, using default settings on in
put line 308.
\@dtctr=\count301
\dayofyear=\count302
\dayofweek=\count303
LaTeX Info: Redefining \today on input line 736.
\dt@a=\toks26
\dt@b=\toks27
)
(C:\Users\Aidan\AppData\Local\Programs\MiKTeX\tex/latex/fancyhdr\fancyhdr.sty
Package: fancyhdr 2019/01/31 v3.10 Extensive control of page headers and footer
s
\f@nch@headwidth=\skip53
\f@nch@O@elh=\skip54
\f@nch@O@erh=\skip55
\f@nch@O@olh=\skip56
\f@nch@O@orh=\skip57
\f@nch@O@elf=\skip58
\f@nch@O@erf=\skip59
\f@nch@O@olf=\skip60
\f@nch@O@orf=\skip61
)
(C:\Users\Aidan\AppData\Local\Programs\MiKTeX\tex/latex/titlesec\titlesec.sty
Package: titlesec 2019/10/16 v2.13 Sectioning titles
\ttl@box=\box49
\beforetitleunit=\skip62
\aftertitleunit=\skip63
\ttl@plus=\dimen163
\ttl@minus=\dimen164
\ttl@toksa=\toks28
\titlewidth=\dimen165
\titlewidthlast=\dimen166
\titlewidthfirst=\dimen167
)
(C:\Users\Aidan\AppData\Local\Programs\MiKTeX\tex/latex/tocbibind\tocbibind.sty
Package: tocbibind 2010/10/13 v1.5k extra ToC listings
Package tocbibind Info: The document has chapter divisions on input line 50.

Package tocbibind Note: Using chapter style headings, unless overridden.

) (C:\Users\Aidan\AppData\Local\Programs\MiKTeX\tex/latex/natbib\natbib.sty
Package: natbib 2010/09/13 8.31b (PWD, AO)
\bibhang=\skip64
\bibsep=\skip65
LaTeX Info: Redefining \cite on input line 694.
\c@NAT@ctr=\count304
)
(C:\Users\Aidan\AppData\Local\Programs\MiKTeX\tex/latex/lipsum\lipsum.sty
(C:\Users\Aidan\AppData\Local\Programs\MiKTeX\tex/latex/l3kernel\expl3.sty
Package: expl3 2020-10-27 L3 programming layer (loader) 

(C:\Users\Aidan\AppData\Local\Programs\MiKTeX\tex/latex/l3backend\l3backend-pdf
tex.def
File: l3backend-pdftex.def 2020-09-24 L3 backend support: PDF output (pdfTeX)
\l__kernel_color_stack_int=\count305
\l__pdf_internal_box=\box50
))
(C:\Users\Aidan\AppData\Local\Programs\MiKTeX\tex/latex/l3packages/xparse\xpars
e.sty
Package: xparse 2020-10-27 L3 Experimental document command parser

(C:\Users\Aidan\AppData\Local\Programs\MiKTeX\tex/latex/l3packages/xparse\xpars
e-generic.tex))
Package: lipsum 2019/01/02 v2.2 150 paragraphs of Lorem Ipsum dummy text

(C:\Users\Aidan\AppData\Local\Programs\MiKTeX\tex/latex/lipsum\lipsum.ltd.tex
File: lipsum.ltd.tex 2019/01/02 v2.2 The Lorem ipsum dummy text
))
No file dissertation.aux.
\openout1 = `dissertation.aux'.

LaTeX Font Info:    Checking defaults for OML/cmm/m/it on input line 70.
LaTeX Font Info:    ... okay on input line 70.
LaTeX Font Info:    Checking defaults for OMS/cmsy/m/n on input line 70.
LaTeX Font Info:    ... okay on input line 70.
LaTeX Font Info:    Checking defaults for OT1/cmr/m/n on input line 70.
LaTeX Font Info:    ... okay on input line 70.
LaTeX Font Info:    Checking defaults for T1/cmr/m/n on input line 70.
LaTeX Font Info:    ... okay on input line 70.
LaTeX Font Info:    Checking defaults for TS1/cmr/m/n on input line 70.
LaTeX Font Info:    ... okay on input line 70.
LaTeX Font Info:    Checking defaults for OMX/cmex/m/n on input line 70.
LaTeX Font Info:    ... okay on input line 70.
LaTeX Font Info:    Checking defaults for U/cmr/m/n on input line 70.
LaTeX Font Info:    ... okay on input line 70.
LaTeX Font Info:    Checking defaults for PD1/pdf/m/n on input line 70.
LaTeX Font Info:    ... okay on input line 70.

(C:\Users\Aidan\AppData\Local\Programs\MiKTeX\tex/context/base/mkii\supp-pdf.mk
ii
[Loading MPS to PDF converter (version 2006.09.02).]
\scratchcounter=\count306
\scratchdimen=\dimen168
\scratchbox=\box51
\nofMPsegments=\count307
\nofMParguments=\count308
\everyMPshowfont=\toks29
\MPscratchCnt=\count309
\MPscratchDim=\dimen169
\MPnumerator=\count310
\makeMPintoPDFobject=\count311
\everyMPtoPDFconversion=\toks30
)
(C:\Users\Aidan\AppData\Local\Programs\MiKTeX\tex/latex/epstopdf-pkg\epstopdf-b
ase.sty
Package: epstopdf-base 2020-01-24 v2.11 Base part for package epstopdf
Package epstopdf-base Info: Redefining graphics rule for `.eps' on input line 4
85.
)
*geometry* driver: auto-detecting
*geometry* detected driver: pdftex
*geometry* verbose mode - [ preamble ] result:
* driver: pdftex
* paper: a4paper
* layout: <same size as paper>
* layoutoffset:(h,v)=(0.0pt,0.0pt)
* modes: 
* h-part:(L,W,R)=(85.35826pt, 426.79134pt, 85.35828pt)
* v-part:(T,H,B)=(113.81102pt, 645.87756pt, 85.35826pt)
* \paperwidth=597.50787pt
* \paperheight=845.04684pt
* \textwidth=426.79134pt
* \textheight=645.87756pt
* \oddsidemargin=13.08827pt
* \evensidemargin=13.08827pt
* \topmargin=-1.13808pt
* \headheight=14.22636pt
* \headsep=28.45274pt
* \topskip=11.0pt
* \footskip=27.46295pt
* \marginparwidth=53.0pt
* \marginparsep=7.0pt
* \columnsep=10.0pt
* \skip\footins=10.0pt plus 4.0pt minus 2.0pt
* \hoffset=0.0pt
* \voffset=0.0pt
* \mag=1000
* \@twocolumnfalse
* \@twosidefalse
* \@mparswitchfalse
* \@reversemarginfalse
* (1in=72.27pt=25.4mm, 1cm=28.453pt)

(C:\Users\Aidan\AppData\Local\Programs\MiKTeX\tex/latex/graphics\color.sty
Package: color 2020/02/24 v1.2b Standard LaTeX Color (DPC)

(C:\Users\Aidan\AppData\Local\Programs\MiKTeX\tex/latex/graphics-cfg\color.cfg
File: color.cfg 2016/01/02 v1.6 sample color configuration
)
Package color Info: Driver file: pdftex.def on input line 147.
)
Package hyperref Info: Link coloring ON on input line 70.
 (C:\Users\Aidan\AppData\Local\Programs\MiKTeX\tex/latex/hyperref\nameref.sty
Package: nameref 2019/09/16 v2.46 Cross-referencing by name of section

(C:\Users\Aidan\AppData\Local\Programs\MiKTeX\tex/latex/refcount\refcount.sty
Package: refcount 2019/12/15 v3.6 Data extraction from label references (HO)
)
(C:\Users\Aidan\AppData\Local\Programs\MiKTeX\tex/generic/gettitlestring\gettit
lestring.sty
Package: gettitlestring 2019/12/15 v1.6 Cleanup title references (HO)
)
\c@section@level=\count312
)
LaTeX Info: Redefining \ref on input line 70.
LaTeX Info: Redefining \pageref on input line 70.
LaTeX Info: Redefining \nameref on input line 70.
\@outlinefile=\write3
\openout3 = `dissertation.out'.

\openout2 = `cover.aux'.


("C:/Users/Aidan/Documents/University/Masters Project/moho-uncertainty/disserta
tion\cover.tex"
<figures/university-of-liverpool-logo.png, id=3, 444.66125pt x 114.4275pt>
File: figures/university-of-liverpool-logo.png Graphic file (type png)
<use figures/university-of-liverpool-logo.png>
Package pdftex.def Info: figures/university-of-liverpool-logo.png  used on inpu
t line 10.
(pdftex.def)             Requested size: 298.75262pt x 76.87903pt.
) [1


{C:/Users/Aidan/AppData/Local/MiKTeX/pdftex/config/pdftex.map} <C:/Users/Aidan/
Documents/University/Masters Project/moho-uncertainty/dissertation/figures/univ
ersity-of-liverpool-logo.png>]
\openout2 = `declaration.aux'.


("C:/Users/Aidan/Documents/University/Masters Project/moho-uncertainty/disserta
tion\declaration.tex"
<figures/signature.png, id=13, 545.03625pt x 158.09062pt>
File: figures/signature.png Graphic file (type png)
<use figures/signature.png>
Package pdftex.def Info: figures/signature.png  used on input line 20.
(pdftex.def)             Requested size: 142.26378pt x 41.2642pt.
 [1




 <C:/Users/Aidan/Documents/University/Masters Project/moho-uncertainty/disserta
tion/figures/signature.png>])
\openout2 = `acknowledgements.aux'.


("C:/Users/Aidan/Documents/University/Masters Project/moho-uncertainty/disserta
tion\acknowledgements.tex") [2



]
\openout2 = `abstract.aux'.


("C:/Users/Aidan/Documents/University/Masters Project/moho-uncertainty/disserta
tion\abstract.tex") [3



]
\tf@toc=\write4
\openout4 = `dissertation.toc'.

 [4



]
\tf@lof=\write5
\openout5 = `dissertation.lof'.

 [5

]
\tf@lot=\write6
\openout6 = `dissertation.lot'.

 [6

]
\openout2 = `introduction.aux'.


("C:/Users/Aidan/Documents/University/Masters Project/moho-uncertainty/disserta
tion\introduction.tex"
Chapter 1.

Package natbib Warning: Citation `Laske2013' on page 1 undefined on input line 
3.


Package natbib Warning: Citation `Assumpo2013' on page 1 undefined on input lin
e 3.


Package natbib Warning: Citation `Reguzzoni2015' on page 1 undefined on input l
ine 3.


Package natbib Warning: Citation `Uieda2016' on page 1 undefined on input line 
5.


Package natbib Warning: Citation `vanderMeijde2013' on page 1 undefined on inpu
t line 5.


Package natbib Warning: Citation `Tugume2013' on page 1 undefined on input line
 5.


Package natbib Warning: Citation `Reguzzoni2015' on page 1 undefined on input l
ine 5.


Package natbib Warning: Citation `Szwillus2019' on page 1 undefined on input li
ne 5.


Package natbib Warning: Citation `Uieda2016' on page 1 undefined on input line 
7.


Package natbib Warning: Citation `Mariani2013' on page 1 undefined on input lin
e 7.

)pdfTeX warning (ext4): destination with the same identifier (name{page.1}) has
 been already used, duplicate ignored
<to be read again> 
                   \relax 
l.106   \include{introduction}
                               [1



] [2] [3]
\openout2 = `methods.aux'.


("C:/Users/Aidan/Documents/University/Masters Project/moho-uncertainty/disserta
tion\methods.tex"
Chapter 2.

LaTeX Warning: Reference `fig:gravity-correction' on page 4 undefined on input 
line 3.


Package natbib Warning: Citation `Li2001a' on page 4 undefined on input line 3.



LaTeX Warning: Reference `eq:gravity_disturbance' on page 4 undefined on input 
line 3.

<figures/gravity-correction.jpeg, id=58, 62.634pt x 47.57774pt>
File: figures/gravity-correction.jpeg Graphic file (type jpg)
<use figures/gravity-correction.jpeg>
Package pdftex.def Info: figures/gravity-correction.jpeg  used on input line 17
.
(pdftex.def)             Requested size: 213.39566pt x 162.12074pt.

Package natbib Warning: Citation `Uieda2016' on page 4 undefined on input line 
21.


Package natbib Warning: Citation `Uieda2016' on page 4 undefined on input line 
21.


LaTeX Warning: `h' float specifier changed to `ht'.


LaTeX Warning: Reference `eq:topography_correction' on page 4 undefined on inpu
t line 26.


Package natbib Warning: Citation `Uieda2016' on page 4 undefined on input line 
36.


LaTeX Warning: Reference `fig:tesseroids' on page 4 undefined on input line 36.



Package natbib Warning: Citation `Asgharzadeh2007' on page 4 undefined on input
 line 36.


Package natbib Warning: Citation `Uieda2015' on page 4 undefined on input line 
36.

<figures/tesseroid-coord-sys.png, id=59, 225.84375pt x 194.76765pt>
File: figures/tesseroid-coord-sys.png Graphic file (type png)
<use figures/tesseroid-coord-sys.png>
Package pdftex.def Info: figures/tesseroid-coord-sys.png  used on input line 42
.
(pdftex.def)             Requested size: 213.39566pt x 184.04451pt.

Package natbib Warning: Citation `Uieda2015' on page 4 undefined on input line 
46.


Package natbib Warning: Citation `Uieda2015' on page 4 undefined on input line 
46.

[4




]

LaTeX Warning: `h' float specifier changed to `ht'.


Package natbib Warning: Citation `Uieda2016' on page 5 undefined on input line 
52.


Package natbib Warning: Citation `Uieda2016' on page 5 undefined on input line 
52.


LaTeX Warning: Reference `eq:forward_problem' on page 5 undefined on input line
 53.

[5 <C:/Users/Aidan/Documents/University/Masters Project/moho-uncertainty/disser
tation/figures/gravity-correction.jpeg>]

LaTeX Warning: Reference `eq:least_squares' on page 6 undefined on input line 6
3.


Package natbib Warning: Citation `Tikhonov1977' on page 6 undefined on input li
ne 74.


Package natbib Warning: Citation `Silva2001b' on page 6 undefined on input line
 74.


LaTeX Warning: Reference `eq:regularization' on page 6 undefined on input line 
74.


LaTeX Warning: Reference `eq:goal_function' on page 6 undefined on input line 8
3.

[6 <C:/Users/Aidan/Documents/University/Masters Project/moho-uncertainty/disser
tation/figures/tesseroid-coord-sys.png>]

LaTeX Warning: Reference `eq:linear_equation_system' on page 7 undefined on inp
ut line 93.


Package natbib Warning: Citation `Bott1960' on page 7 undefined on input line 1
03.


LaTeX Warning: Reference `eq:bott_method' on page 7 undefined on input line 103
.


Package natbib Warning: Citation `Silva2014' on page 7 undefined on input line 
113.


LaTeX Warning: Reference `eq:special_bott' on page 7 undefined on input line 11
3.


Package natbib Warning: Citation `Uieda2016' on page 7 undefined on input line 
123.


Package natbib Warning: Citation `Hansen1992' on page 7 undefined on input line
 123.

[7]

LaTeX Warning: Reference `fig:RRSSV' on page 8 undefined on input line 127.

[8]
<figures/RRSSV.png, id=103, 530.98375pt x 191.71625pt>
File: figures/RRSSV.png Graphic file (type png)
<use figures/RRSSV.png>
Package pdftex.def Info: figures/RRSSV.png  used on input line 133.
(pdftex.def)             Requested size: 213.39566pt x 77.04788pt.


Package natbib Warning: Citation `unknown' on page 9 undefined on input line 13
7.


Package natbib Warning: Citation `unknown' on page 9 undefined on input line 13
7.


Package natbib Warning: Citation `Assumpo2013' on page 9 undefined on input lin
e 142.


LaTeX Warning: Reference `fig:seismic_locations' on page 9 undefined on input l
ine 142.

<figures/Seismic-locations.png, id=104, 383.4325pt x 437.635pt>
File: figures/Seismic-locations.png Graphic file (type png)
<use figures/Seismic-locations.png>
Package pdftex.def Info: figures/Seismic-locations.png  used on input line 148.

(pdftex.def)             Requested size: 213.39566pt x 243.56474pt.

Package natbib Warning: Citation `Assumpo2013' on page 9 undefined on input lin
e 152.


Package natbib Warning: Citation `Assumpo2013' on page 9 undefined on input lin
e 152.


LaTeX Warning: `h' float specifier changed to `ht'.


Package natbib Warning: Citation `Berrar2019' on page 9 undefined on input line
 157.

[9 <C:/Users/Aidan/Documents/University/Masters Project/moho-uncertainty/disser
tation/figures/RRSSV.png>] [10 <C:/Users/Aidan/Documents/University/Masters Pro
ject/moho-uncertainty/dissertation/figures/Seismic-locations.png>]

Package natbib Warning: Citation `Mariani2013' on page 11 undefined on input li
ne 161.


LaTeX Warning: Reference `fig:underplating' on page 11 undefined on input line 
161.

<figures/underplating.jpg, id=117, 518.68115pt x 521.23938pt>
File: figures/underplating.jpg Graphic file (type jpg)
<use figures/underplating.jpg>
Package pdftex.def Info: figures/underplating.jpg  used on input line 167.
(pdftex.def)             Requested size: 213.39566pt x 214.44919pt.

Package natbib Warning: Citation `Mariani2013' on page 11 undefined on input li
ne 171.


Package natbib Warning: Citation `Mariani2013' on page 11 undefined on input li
ne 171.


LaTeX Warning: `h' float specifier changed to `ht'.


Package natbib Warning: Citation `Harris2020' on page 11 undefined on input lin
e 178.


Package natbib Warning: Citation `Hunter2007' on page 11 undefined on input lin
e 178.


Package natbib Warning: Citation `Waskom2015' on page 11 undefined on input lin
e 178.


Package natbib Warning: Citation `Uieda2013a' on page 11 undefined on input lin
e 178.


Package natbib Warning: Citation `Perez2007' on page 11 undefined on input line
 179.

) [11] [12 <C:/Users/Aidan/Documents/University/Masters Project/moho-uncertaint
y/dissertation/figures/underplating.jpg>]
\openout2 = `results.aux'.


("C:/Users/Aidan/Documents/University/Masters Project/moho-uncertainty/disserta
tion\results.tex"
Chapter 3.

Package natbib Warning: Citation `Uieda2016' on page 13 undefined on input line
 3.


Package natbib Warning: Citation `Laske2013' on page 13 undefined on input line
 3.


LaTeX Warning: Reference `fig:seismic_locations' on page 13 undefined on input 
line 3.


LaTeX Warning: Reference `fig:histogram_no_intrusion' on page 13 undefined on i
nput line 6.

[13




]
<figures/no-intrusion-625.jpg, id=145, 510.2262pt x 278.2395pt>
File: figures/no-intrusion-625.jpg Graphic file (type jpg)
<use figures/no-intrusion-625.jpg>
Package pdftex.def Info: figures/no-intrusion-625.jpg  used on input line 12.
(pdftex.def)             Requested size: 213.39566pt x 116.37154pt.


Package natbib Warning: Citation `Szwillus2019' on page 14 undefined on input l
ine 22.


LaTeX Warning: Reference `fig:uncertainty' on page 14 undefined on input line 2
2.


!pdfTeX error: pdflatex (file C:/Users/Aidan/Documents/University/Masters Proje
ct/moho-uncertainty/dissertation/figures/Szwillus-uncertainty.png): libpng: int
ernal error
 ==> Fatal error occurred, no output PDF file produced!
